Using pre-set license
Built from '2022.3/staging' branch; Version is '2022.3.15f1 (b58023a2b463) revision 11894819'; Using compiler version '192829333'; Build Type 'Release'
OS: 'Windows 10  (10.0.19045) 64bit Core' Language: 'en' Physical Memory: 32524 MB
BatchMode: 1, IsHumanControllingUs: 0, StartBugReporterOnCrash: 0, Is64bit: 1, IsPro: 1

COMMAND LINE ARGUMENTS:
D:\namBT\unity\Unity 2022.3.15f1\Editor\Unity.exe
-adb2
-batchMode
-noUpm
-name
AssetImportWorker1
-projectPath
E:/NamBtProjects/New folder
-logFile
Logs/AssetImportWorker1.log
-srvPort
53779
Successfully changed project path to: E:/NamBtProjects/New folder
E:/NamBtProjects/New folder
[UnityMemory] Configuration Parameters - Can be set up in boot.config
    "memorysetup-bucket-allocator-granularity=16"
    "memorysetup-bucket-allocator-bucket-count=8"
    "memorysetup-bucket-allocator-block-size=33554432"
    "memorysetup-bucket-allocator-block-count=8"
    "memorysetup-main-allocator-block-size=16777216"
    "memorysetup-thread-allocator-block-size=16777216"
    "memorysetup-gfx-main-allocator-block-size=16777216"
    "memorysetup-gfx-thread-allocator-block-size=16777216"
    "memorysetup-cache-allocator-block-size=4194304"
    "memorysetup-typetree-allocator-block-size=2097152"
    "memorysetup-profiler-bucket-allocator-granularity=16"
    "memorysetup-profiler-bucket-allocator-bucket-count=8"
    "memorysetup-profiler-bucket-allocator-block-size=33554432"
    "memorysetup-profiler-bucket-allocator-block-count=8"
    "memorysetup-profiler-allocator-block-size=16777216"
    "memorysetup-profiler-editor-allocator-block-size=1048576"
    "memorysetup-temp-allocator-size-main=16777216"
    "memorysetup-job-temp-allocator-block-size=2097152"
    "memorysetup-job-temp-allocator-block-size-background=1048576"
    "memorysetup-job-temp-allocator-reduction-small-platforms=262144"
    "memorysetup-allocator-temp-initial-block-size-main=262144"
    "memorysetup-allocator-temp-initial-block-size-worker=262144"
    "memorysetup-temp-allocator-size-background-worker=32768"
    "memorysetup-temp-allocator-size-job-worker=262144"
    "memorysetup-temp-allocator-size-preload-manager=33554432"
    "memorysetup-temp-allocator-size-nav-mesh-worker=65536"
    "memorysetup-temp-allocator-size-audio-worker=65536"
    "memorysetup-temp-allocator-size-cloud-worker=32768"
    "memorysetup-temp-allocator-size-gi-baking-worker=262144"
    "memorysetup-temp-allocator-size-gfx=262144"
Player connection [22352] Host "[IP] 192.168.1.238 [Port] 0 [Flags] 2 [Guid] 41179488 [EditorId] 41179488 [Version] 1048832 [Id] WindowsEditor(7,DESKTOP-SI342G5) [Debug] 1 [PackageName] WindowsEditor [ProjectName] Editor" joined multi-casting on [225.0.0.222:54997]...

Player connection [22352] Host "[IP] 192.168.1.238 [Port] 0 [Flags] 2 [Guid] 41179488 [EditorId] 41179488 [Version] 1048832 [Id] WindowsEditor(7,DESKTOP-SI342G5) [Debug] 1 [PackageName] WindowsEditor [ProjectName] Editor" joined alternative multi-casting on [225.0.0.222:34997]...

[Physics::Module] Initialized MultithreadedJobDispatcher with 11 workers.
Refreshing native plugins compatible for Editor in 41.82 ms, found 21 plugins.
Preloading 0 native plugins for Editor in 0.00 ms.
Initialize engine version: 2022.3.15f1 (b58023a2b463)
[Subsystems] Discovering subsystems at path D:/namBT/unity/Unity 2022.3.15f1/Editor/Data/Resources/UnitySubsystems
[Subsystems] Discovering subsystems at path E:/NamBtProjects/New folder/Assets
GfxDevice: creating device client; threaded=0; jobified=0
Direct3D:
    Version:  Direct3D 11.0 [level 11.1]
    Renderer: Radeon RX 570 Series (ID=0x67df)
    Vendor:   ATI
    VRAM:     8170 MB
    Driver:   31.0.12027.9001
Shader 'MoreMountains/MMRipple': fallback shader 'Particle/AlphaBlended' not found
Shader Hidden/ProbeVolume/VoxelizeScene is not supported: GPU does not support conservative rasterization
Initialize mono
Mono path[0] = 'D:/namBT/unity/Unity 2022.3.15f1/Editor/Data/Managed'
Mono path[1] = 'D:/namBT/unity/Unity 2022.3.15f1/Editor/Data/MonoBleedingEdge/lib/mono/unityjit-win32'
Mono config path = 'D:/namBT/unity/Unity 2022.3.15f1/Editor/Data/MonoBleedingEdge/etc'
Using monoOptions --debugger-agent=transport=dt_socket,embedding=1,server=y,suspend=n,address=127.0.0.1:56056
Begin MonoManager ReloadAssembly
Registering precompiled unity dll's ...
Register platform support module: D:/namBT/unity/Unity 2022.3.15f1/Editor/Data/PlaybackEngines/AndroidPlayer/UnityEditor.Android.Extensions.dll
Register platform support module: D:/namBT/unity/Unity 2022.3.15f1/Editor/Data/PlaybackEngines/WindowsStandaloneSupport/UnityEditor.WindowsStandalone.Extensions.dll
Registered in 0.003516 seconds.
- Loaded All Assemblies, in  0.247 seconds
Native extension for WindowsStandalone target not found
Native extension for Android target not found
Android Extension - Scanning For ADB Devices 196 ms
Mono: successfully reloaded assembly
- Finished resetting the current domain, in  0.452 seconds
Domain Reload Profiling: 699ms
	BeginReloadAssembly (74ms)
		ExecutionOrderSort (0ms)
		DisableScriptedObjects (0ms)
		BackupInstance (0ms)
		ReleaseScriptingObjects (0ms)
		CreateAndSetChildDomain (1ms)
	RebuildCommonClasses (24ms)
	RebuildNativeTypeToScriptingClass (7ms)
	initialDomainReloadingComplete (41ms)
	LoadAllAssembliesAndSetupDomain (100ms)
		LoadAssemblies (74ms)
		RebuildTransferFunctionScriptingTraits (0ms)
		AnalyzeDomain (98ms)
			TypeCache.Refresh (97ms)
				TypeCache.ScanAssembly (88ms)
			ScanForSourceGeneratedMonoScriptInfo (0ms)
			ResolveRequiredComponents (0ms)
	FinalizeReload (452ms)
		ReleaseScriptCaches (0ms)
		RebuildScriptCaches (0ms)
		SetupLoadedEditorAssemblies (411ms)
			LogAssemblyErrors (0ms)
			InitializePlatformSupportModulesInManaged (291ms)
			SetLoadedEditorAssemblies (3ms)
			RefreshPlugins (0ms)
			BeforeProcessingInitializeOnLoad (2ms)
			ProcessInitializeOnLoadAttributes (82ms)
			ProcessInitializeOnLoadMethodAttributes (34ms)
			AfterProcessingInitializeOnLoad (0ms)
			EditorAssembliesLoaded (0ms)
		ExecutionOrderSort2 (0ms)
		AwakeInstancesAfterBackupRestoration (0ms)
========================================================================
Worker process is ready to serve import requests
Begin MonoManager ReloadAssembly
Symbol file data-00000173A6191B00 doesn't match image E:\NamBtProjects\New folder\Assets\Firebase\Plugins\Firebase.Analytics.dll
Symbol file LoadedFromMemory is not a mono symbol file
Symbol file data-00000173A62C55B0 doesn't match image E:\NamBtProjects\New folder\Assets\Firebase\Plugins\Firebase.App.dll
Symbol file LoadedFromMemory is not a mono symbol file
Symbol file data-00000173A6353220 doesn't match image E:\NamBtProjects\New folder\Assets\Firebase\Plugins\Firebase.RemoteConfig.dll
Symbol file LoadedFromMemory is not a mono symbol file
Symbol file data-00000171F464B520 doesn't match image E:\NamBtProjects\New folder\Assets\Firebase\Plugins\Firebase.TaskExtension.dll
Symbol file LoadedFromMemory is not a mono symbol file
Symbol file data-00000173A6625450 doesn't match image E:\NamBtProjects\New folder\Assets\Firebase\Plugins\Firebase.Crashlytics.dll
Symbol file LoadedFromMemory is not a mono symbol file
Symbol file LoadedFromMemory is not a mono symbol file
Symbol file LoadedFromMemory is not a mono symbol file
Symbol file data-00000173A6732F10 doesn't match image E:\NamBtProjects\New folder\Assets\Firebase\Plugins\Firebase.Platform.dll
Symbol file LoadedFromMemory is not a mono symbol file
- Loaded All Assemblies, in  0.682 seconds
Refreshing native plugins compatible for Editor in 15.73 ms, found 21 plugins.
Native extension for WindowsStandalone target not found
Native extension for Android target not found
Package Manager log level set to [2]
[Package Manager] Server::EnsureServerProcessIsRunning -- launch failed, reason: Unity was launched with the -noUpm command-line argument
[Package Manager] UpmClient::Send -- Unable to send message (not connected to UPM process).
[Package Manager] Cannot connect to Unity Package Manager local server
Launched and connected shader compiler UnityShaderCompiler.exe after 0.03 seconds
Mono: successfully reloaded assembly
- Finished resetting the current domain, in  1.229 seconds
Domain Reload Profiling: 1910ms
	BeginReloadAssembly (111ms)
		ExecutionOrderSort (0ms)
		DisableScriptedObjects (4ms)
		BackupInstance (0ms)
		ReleaseScriptingObjects (0ms)
		CreateAndSetChildDomain (17ms)
	RebuildCommonClasses (23ms)
	RebuildNativeTypeToScriptingClass (8ms)
	initialDomainReloadingComplete (41ms)
	LoadAllAssembliesAndSetupDomain (498ms)
		LoadAssemblies (332ms)
		RebuildTransferFunctionScriptingTraits (0ms)
		AnalyzeDomain (233ms)
			TypeCache.Refresh (187ms)
				TypeCache.ScanAssembly (168ms)
			ScanForSourceGeneratedMonoScriptInfo (32ms)
			ResolveRequiredComponents (13ms)
	FinalizeReload (1229ms)
		ReleaseScriptCaches (0ms)
		RebuildScriptCaches (0ms)
		SetupLoadedEditorAssemblies (1078ms)
			LogAssemblyErrors (0ms)
			InitializePlatformSupportModulesInManaged (18ms)
			SetLoadedEditorAssemblies (4ms)
			RefreshPlugins (0ms)
			BeforeProcessingInitializeOnLoad (76ms)
			ProcessInitializeOnLoadAttributes (682ms)
			ProcessInitializeOnLoadMethodAttributes (296ms)
			AfterProcessingInitializeOnLoad (2ms)
			EditorAssembliesLoaded (0ms)
		ExecutionOrderSort2 (0ms)
		AwakeInstancesAfterBackupRestoration (4ms)
Shader 'MoreMountains/MMRipple': fallback shader 'Particle/AlphaBlended' not found
Shader Hidden/ProbeVolume/VoxelizeScene is not supported: GPU does not support conservative rasterization
Refreshing native plugins compatible for Editor in 15.38 ms, found 21 plugins.
Preloading 0 native plugins for Editor in 0.00 ms.
Unloading 8031 Unused Serialized files (Serialized files now loaded: 0)
Unloading 354 unused Assets / (2.2 MB). Loaded Objects now: 8356.
Memory consumption went from 385.7 MB to 383.5 MB.
Total: 15.071600 ms (FindLiveObjects: 0.350700 ms CreateObjectMapping: 0.239100 ms MarkObjects: 13.480900 ms  DeleteObjects: 0.999900 ms)

AssetImportParameters requested are different than current active one (requested -> active):
  custom:container-demuxer-ogg: 62fdf1f143b41e24485cea50d1cbac27 -> 
  custom:framework-win-MediaFoundation: 216162199b28c13a410421893ffa2e32 -> 
  custom:container-muxer-webm: aa71ff27fc2769a1b78a27578f13a17b -> 
  custom:video-decoder-webm-vp8: 9c59270c3fd7afecdb556c50c9e8de78 -> 
  custom:SearchIndexIgnoredProperties: e643bd26f0fe6173181afceb89e7c659 -> 
  custom:AudioImporter_EditorPlatform: d09bf68614088b80899f8185d706f6e7 -> 
  custom:audio-decoder-ogg-vorbis: bf7c407c2cedff20999df2af8eb42d56 -> 
  custom:audio-encoder-webm-vorbis: bf7c407c2cedff20999df2af8eb42d56 -> 
  custom:video-codec-MediaFoundation-h265: 746d11721c4dcdbdad8f713fa42b33f4 -> 
  custom:video-decoder-ogg-theora: a1e56fd34408186e4bbccfd4996cb3dc -> 
  custom:CustomObjectIndexerAttribute: 43b350a4d6e6d1791af0b5038c4bea17 -> 
  custom:container-demuxer-webm: 4f35f7cbe854078d1ac9338744f61a02 -> 
  custom:video-encoder-webm-vp8: eb34c28f22e8b96e1ab97ce403110664 -> 
========================================================================
Received Import Request.
  Time since last request: 143449.598046 seconds.
  path: Assets/Scripts/WeeklyEvent/WeelyEventController.cs
  artifactKey: Guid(6982dc3c3f941fd47b351d8618be5a35) Importer(815301076,1909f56bfc062723c751e8b465ee728b)
Start importing Assets/Scripts/WeeklyEvent/WeelyEventController.cs using Guid(6982dc3c3f941fd47b351d8618be5a35) Importer(815301076,1909f56bfc062723c751e8b465ee728b)  -> (artifact id: '9bd55b3d7f9a41885a583f03d0c7da7c') in 0.001706 seconds
Number of updated asset objects reloaded before import = 0
Number of asset objects unloaded after import = 0
========================================================================
Received Import Request.
  Time since last request: 0.000022 seconds.
  path: Assets/Scripts/WeeklyEvent/Treasure Climb.cs
  artifactKey: Guid(6439dfb242e27374c9d9aaf91e365c92) Importer(815301076,1909f56bfc062723c751e8b465ee728b)
Start importing Assets/Scripts/WeeklyEvent/Treasure Climb.cs using Guid(6439dfb242e27374c9d9aaf91e365c92) Importer(815301076,1909f56bfc062723c751e8b465ee728b)  -> (artifact id: 'ba2e07aba40463aa4de5c67762d624a4') in 0.000309 seconds
Number of updated asset objects reloaded before import = 0
Number of asset objects unloaded after import = 0
========================================================================
Received Import Request.
  Time since last request: 0.000012 seconds.
  path: Assets/Scripts/WeeklyEvent
  artifactKey: Guid(1d8894c451bc610438c60063d99b92d3) Importer(815301076,1909f56bfc062723c751e8b465ee728b)
Start importing Assets/Scripts/WeeklyEvent using Guid(1d8894c451bc610438c60063d99b92d3) Importer(815301076,1909f56bfc062723c751e8b465ee728b)  -> (artifact id: '4d0346949fdcdb81aa9d92a9ac545140') in 0.000222 seconds
Number of updated asset objects reloaded before import = 0
Number of asset objects unloaded after import = 0
========================================================================
Received Import Request.
  Time since last request: 0.000007 seconds.
  path: Assets/Scripts/WeeklyEvent/WeeklyEventData
  artifactKey: Guid(eb79a45069c974d4babdd9b37dafbe66) Importer(815301076,1909f56bfc062723c751e8b465ee728b)
Start importing Assets/Scripts/WeeklyEvent/WeeklyEventData using Guid(eb79a45069c974d4babdd9b37dafbe66) Importer(815301076,1909f56bfc062723c751e8b465ee728b)  -> (artifact id: '97e73cb1e9a9e71bcd3ff5c351d34017') in 0.000197 seconds
Number of updated asset objects reloaded before import = 0
Number of asset objects unloaded after import = 0
========================================================================
Received Prepare
Begin MonoManager ReloadAssembly
Symbol file data-00000173A7804B30 doesn't match image E:\NamBtProjects\New folder\Assets\Firebase\Plugins\Firebase.Analytics.dll
Symbol file LoadedFromMemory is not a mono symbol file
Symbol file data-00000173A719B010 doesn't match image E:\NamBtProjects\New folder\Assets\Firebase\Plugins\Firebase.App.dll
Symbol file LoadedFromMemory is not a mono symbol file
Symbol file data-00000173A97DEDD0 doesn't match image E:\NamBtProjects\New folder\Assets\Firebase\Plugins\Firebase.RemoteConfig.dll
Symbol file LoadedFromMemory is not a mono symbol file
Symbol file data-00000173AD213430 doesn't match image E:\NamBtProjects\New folder\Assets\Firebase\Plugins\Firebase.TaskExtension.dll
Symbol file LoadedFromMemory is not a mono symbol file
Symbol file data-00000173AB70D0A0 doesn't match image E:\NamBtProjects\New folder\Assets\Firebase\Plugins\Firebase.Crashlytics.dll
Symbol file LoadedFromMemory is not a mono symbol file
Symbol file LoadedFromMemory is not a mono symbol file
Symbol file LoadedFromMemory is not a mono symbol file
Symbol file data-00000173A96DDE30 doesn't match image E:\NamBtProjects\New folder\Assets\Firebase\Plugins\Firebase.Platform.dll
Symbol file LoadedFromMemory is not a mono symbol file
- Loaded All Assemblies, in  0.558 seconds
Refreshing native plugins compatible for Editor in 23.57 ms, found 21 plugins.
Native extension for WindowsStandalone target not found
Native extension for Android target not found
[Package Manager] Server::EnsureServerProcessIsRunning -- launch failed, reason: Unity was launched with the -noUpm command-line argument
[Package Manager] UpmClient::Send -- Unable to send message (not connected to UPM process).
[Package Manager] Cannot connect to Unity Package Manager local server
System.IO.IOException: Sharing violation on path E:\NamBtProjects\New folder\ProjectSettings\GvhProjectSettings.xml
  at System.IO.FileStream..ctor (System.String path, System.IO.FileMode mode, System.IO.FileAccess access, System.IO.FileShare share, System.Int32 bufferSize, System.Boolean anonymous, System.IO.FileOptions options) [0x0019e] in <7ec8e29954a6455daa48484a381ec418>:0 
  at System.IO.FileStream..ctor (System.String path, System.IO.FileMode mode, System.IO.FileAccess access, System.IO.FileShare share, System.Int32 bufferSize, System.IO.FileOptions options) [0x00000] in <7ec8e29954a6455daa48484a381ec418>:0 
  at (wrapper remoting-invoke-with-check) System.IO.FileStream..ctor(string,System.IO.FileMode,System.IO.FileAccess,System.IO.FileShare,int,System.IO.FileOptions)
  at System.IO.StreamReader..ctor (System.String path, System.Text.Encoding encoding, System.Boolean detectEncodingFromByteOrderMarks, System.Int32 bufferSize) [0x00055] in <7ec8e29954a6455daa48484a381ec418>:0 
  at System.IO.StreamReader..ctor (System.String path, System.Boolean detectEncodingFromByteOrderMarks) [0x00007] in <7ec8e29954a6455daa48484a381ec418>:0 
  at System.IO.StreamReader..ctor (System.String path) [0x00000] in <7ec8e29954a6455daa48484a381ec418>:0 
  at (wrapper remoting-invoke-with-check) System.IO.StreamReader..ctor(string)
  at Google.XmlUtilities.ParseXmlTextFileElements (System.String filename, Google.Logger logger, Google.XmlUtilities+ParseElement parseElement) [0x0000f] in /Users/chkuang/Workspace/Git/unity-jar-resolver/source/VersionHandlerImpl/src/XmlUtilities.cs:104 
  at Google.ProjectSettings.Load () [0x00012] in /Users/chkuang/Workspace/Git/unity-jar-resolver/source/VersionHandlerImpl/src/ProjectSettings.cs:776 
  at Google.ProjectSettings.LoadIfEmpty () [0x0001b] in /Users/chkuang/Workspace/Git/unity-jar-resolver/source/VersionHandlerImpl/src/ProjectSettings.cs:557 
  at Google.ProjectSettings.GetBool (System.String name, System.Boolean defaultValue, Google.SettingsLocation location) [0x0002b] in /Users/chkuang/Workspace/Git/unity-jar-resolver/source/VersionHandlerImpl/src/ProjectSettings.cs:605 
  at Google.ProjectSettings.GetBool (System.String name, System.Boolean defaultValue) [0x00000] in /Users/chkuang/Workspace/Git/unity-jar-resolver/source/VersionHandlerImpl/src/ProjectSettings.cs:618 
  at Google.IOSResolver.get_VerboseLoggingEnabled () [0x00001] in /Users/amaurice/Documents/GitHub/unity-jar-resolver/source/IOSResolver/src/IOSResolver.cs:1039 
  at Google.IOSResolver..cctor () [0x00223] in /Users/amaurice/Documents/GitHub/unity-jar-resolver/source/IOSResolver/src/IOSResolver.cs:727 
UnityEngine.StackTraceUtility:ExtractStackTrace ()
UnityEngine.DebugLogHandler:LogFormat (UnityEngine.LogType,UnityEngine.Object,string,object[])
UnityEngine.Logger:Log (UnityEngine.LogType,object)
UnityEngine.Debug:LogError (object)
UnityEditor.EditorAssemblies:ProcessInitializeOnLoadAttributes (System.Type[])

Mono: successfully reloaded assembly
- Finished resetting the current domain, in  1.401 seconds
Domain Reload Profiling: 1958ms
	BeginReloadAssembly (162ms)
		ExecutionOrderSort (0ms)
		DisableScriptedObjects (8ms)
		BackupInstance (0ms)
		ReleaseScriptingObjects (0ms)
		CreateAndSetChildDomain (49ms)
	RebuildCommonClasses (26ms)
	RebuildNativeTypeToScriptingClass (9ms)
	initialDomainReloadingComplete (35ms)
	LoadAllAssembliesAndSetupDomain (325ms)
		LoadAssemblies (350ms)
		RebuildTransferFunctionScriptingTraits (0ms)
		AnalyzeDomain (50ms)
			TypeCache.Refresh (18ms)
				TypeCache.ScanAssembly (5ms)
			ScanForSourceGeneratedMonoScriptInfo (15ms)
			ResolveRequiredComponents (16ms)
	FinalizeReload (1401ms)
		ReleaseScriptCaches (0ms)
		RebuildScriptCaches (0ms)
		SetupLoadedEditorAssemblies (975ms)
			LogAssemblyErrors (0ms)
			InitializePlatformSupportModulesInManaged (16ms)
			SetLoadedEditorAssemblies (4ms)
			RefreshPlugins (0ms)
			BeforeProcessingInitializeOnLoad (70ms)
			ProcessInitializeOnLoadAttributes (678ms)
			ProcessInitializeOnLoadMethodAttributes (204ms)
			AfterProcessingInitializeOnLoad (1ms)
			EditorAssembliesLoaded (0ms)
		ExecutionOrderSort2 (0ms)
		AwakeInstancesAfterBackupRestoration (8ms)
Shader 'MoreMountains/MMRipple': fallback shader 'Particle/AlphaBlended' not found
Shader Hidden/ProbeVolume/VoxelizeScene is not supported: GPU does not support conservative rasterization
Refreshing native plugins compatible for Editor in 15.35 ms, found 21 plugins.
Preloading 0 native plugins for Editor in 0.00 ms.
Unloading 7926 Unused Serialized files (Serialized files now loaded: 0)
Unloading 438 unused Assets / (2.3 MB). Loaded Objects now: 8363.
Memory consumption went from 357.7 MB to 355.4 MB.
Total: 15.012500 ms (FindLiveObjects: 0.349500 ms CreateObjectMapping: 0.208400 ms MarkObjects: 13.381200 ms  DeleteObjects: 1.072600 ms)

Prepare: number of updated asset objects reloaded= 0
AssetImportParameters requested are different than current active one (requested -> active):
  custom:container-demuxer-ogg: 62fdf1f143b41e24485cea50d1cbac27 -> 
  custom:framework-win-MediaFoundation: 216162199b28c13a410421893ffa2e32 -> 
  custom:container-muxer-webm: aa71ff27fc2769a1b78a27578f13a17b -> 
  custom:video-decoder-webm-vp8: 9c59270c3fd7afecdb556c50c9e8de78 -> 
  custom:SearchIndexIgnoredProperties: e643bd26f0fe6173181afceb89e7c659 -> 
  custom:AudioImporter_EditorPlatform: d09bf68614088b80899f8185d706f6e7 -> 
  custom:audio-decoder-ogg-vorbis: bf7c407c2cedff20999df2af8eb42d56 -> 
  custom:audio-encoder-webm-vorbis: bf7c407c2cedff20999df2af8eb42d56 -> 
  custom:video-codec-MediaFoundation-h265: 746d11721c4dcdbdad8f713fa42b33f4 -> 
  custom:video-decoder-ogg-theora: a1e56fd34408186e4bbccfd4996cb3dc -> 
  custom:CustomObjectIndexerAttribute: 43b350a4d6e6d1791af0b5038c4bea17 -> 
  custom:container-demuxer-webm: 4f35f7cbe854078d1ac9338744f61a02 -> 
  custom:video-encoder-webm-vp8: eb34c28f22e8b96e1ab97ce403110664 -> 
========================================================================
Received Prepare
Begin MonoManager ReloadAssembly
Symbol file data-00000173A79A6820 doesn't match image E:\NamBtProjects\New folder\Assets\Firebase\Plugins\Firebase.Analytics.dll
Symbol file LoadedFromMemory is not a mono symbol file
Symbol file data-00000173A9342020 doesn't match image E:\NamBtProjects\New folder\Assets\Firebase\Plugins\Firebase.App.dll
Symbol file LoadedFromMemory is not a mono symbol file
Symbol file data-00000171F5E56C70 doesn't match image E:\NamBtProjects\New folder\Assets\Firebase\Plugins\Firebase.RemoteConfig.dll
Symbol file LoadedFromMemory is not a mono symbol file
Symbol file data-00000173A611B700 doesn't match image E:\NamBtProjects\New folder\Assets\Firebase\Plugins\Firebase.TaskExtension.dll
Symbol file LoadedFromMemory is not a mono symbol file
Symbol file data-00000171F44C0930 doesn't match image E:\NamBtProjects\New folder\Assets\Firebase\Plugins\Firebase.Crashlytics.dll
Symbol file LoadedFromMemory is not a mono symbol file
Symbol file LoadedFromMemory is not a mono symbol file
Symbol file LoadedFromMemory is not a mono symbol file
Symbol file data-00000171F5E56C70 doesn't match image E:\NamBtProjects\New folder\Assets\Firebase\Plugins\Firebase.Platform.dll
Symbol file LoadedFromMemory is not a mono symbol file
- Loaded All Assemblies, in  0.497 seconds
Refreshing native plugins compatible for Editor in 15.57 ms, found 21 plugins.
Native extension for WindowsStandalone target not found
Native extension for Android target not found
[Package Manager] Server::EnsureServerProcessIsRunning -- launch failed, reason: Unity was launched with the -noUpm command-line argument
[Package Manager] UpmClient::Send -- Unable to send message (not connected to UPM process).
[Package Manager] Cannot connect to Unity Package Manager local server
Mono: successfully reloaded assembly
- Finished resetting the current domain, in  1.373 seconds
Domain Reload Profiling: 1869ms
	BeginReloadAssembly (144ms)
		ExecutionOrderSort (0ms)
		DisableScriptedObjects (8ms)
		BackupInstance (0ms)
		ReleaseScriptingObjects (0ms)
		CreateAndSetChildDomain (43ms)
	RebuildCommonClasses (32ms)
	RebuildNativeTypeToScriptingClass (8ms)
	initialDomainReloadingComplete (32ms)
	LoadAllAssembliesAndSetupDomain (279ms)
		LoadAssemblies (303ms)
		RebuildTransferFunctionScriptingTraits (0ms)
		AnalyzeDomain (42ms)
			TypeCache.Refresh (14ms)
				TypeCache.ScanAssembly (3ms)
			ScanForSourceGeneratedMonoScriptInfo (13ms)
			ResolveRequiredComponents (14ms)
	FinalizeReload (1373ms)
		ReleaseScriptCaches (0ms)
		RebuildScriptCaches (0ms)
		SetupLoadedEditorAssemblies (933ms)
			LogAssemblyErrors (0ms)
			InitializePlatformSupportModulesInManaged (16ms)
			SetLoadedEditorAssemblies (4ms)
			RefreshPlugins (0ms)
			BeforeProcessingInitializeOnLoad (71ms)
			ProcessInitializeOnLoadAttributes (646ms)
			ProcessInitializeOnLoadMethodAttributes (194ms)
			AfterProcessingInitializeOnLoad (2ms)
			EditorAssembliesLoaded (1ms)
		ExecutionOrderSort2 (0ms)
		AwakeInstancesAfterBackupRestoration (8ms)
Shader 'MoreMountains/MMRipple': fallback shader 'Particle/AlphaBlended' not found
Shader Hidden/ProbeVolume/VoxelizeScene is not supported: GPU does not support conservative rasterization
Refreshing native plugins compatible for Editor in 18.86 ms, found 21 plugins.
Preloading 0 native plugins for Editor in 0.00 ms.
Unloading 7925 Unused Serialized files (Serialized files now loaded: 0)
Unloading 438 unused Assets / (2.3 MB). Loaded Objects now: 8367.
Memory consumption went from 359.2 MB to 356.9 MB.
Total: 16.531800 ms (FindLiveObjects: 0.360900 ms CreateObjectMapping: 0.252400 ms MarkObjects: 14.653500 ms  DeleteObjects: 1.264000 ms)

Prepare: number of updated asset objects reloaded= 0
AssetImportParameters requested are different than current active one (requested -> active):
  custom:container-demuxer-ogg: 62fdf1f143b41e24485cea50d1cbac27 -> 
  custom:framework-win-MediaFoundation: 216162199b28c13a410421893ffa2e32 -> 
  custom:container-muxer-webm: aa71ff27fc2769a1b78a27578f13a17b -> 
  custom:video-decoder-webm-vp8: 9c59270c3fd7afecdb556c50c9e8de78 -> 
  custom:SearchIndexIgnoredProperties: e643bd26f0fe6173181afceb89e7c659 -> 
  custom:AudioImporter_EditorPlatform: d09bf68614088b80899f8185d706f6e7 -> 
  custom:audio-decoder-ogg-vorbis: bf7c407c2cedff20999df2af8eb42d56 -> 
  custom:audio-encoder-webm-vorbis: bf7c407c2cedff20999df2af8eb42d56 -> 
  custom:video-codec-MediaFoundation-h265: 746d11721c4dcdbdad8f713fa42b33f4 -> 
  custom:video-decoder-ogg-theora: a1e56fd34408186e4bbccfd4996cb3dc -> 
  custom:CustomObjectIndexerAttribute: 43b350a4d6e6d1791af0b5038c4bea17 -> 
  custom:container-demuxer-webm: 4f35f7cbe854078d1ac9338744f61a02 -> 
  custom:video-encoder-webm-vp8: eb34c28f22e8b96e1ab97ce403110664 -> 
========================================================================
Received Prepare
Begin MonoManager ReloadAssembly
Symbol file data-00000173A79A6820 doesn't match image E:\NamBtProjects\New folder\Assets\Firebase\Plugins\Firebase.Analytics.dll
Symbol file LoadedFromMemory is not a mono symbol file
Symbol file data-00000171F64BE230 doesn't match image E:\NamBtProjects\New folder\Assets\Firebase\Plugins\Firebase.App.dll
Symbol file LoadedFromMemory is not a mono symbol file
Symbol file data-00000171F455F6C0 doesn't match image E:\NamBtProjects\New folder\Assets\Firebase\Plugins\Firebase.RemoteConfig.dll
Symbol file LoadedFromMemory is not a mono symbol file
Symbol file data-00000173A7149E90 doesn't match image E:\NamBtProjects\New folder\Assets\Firebase\Plugins\Firebase.TaskExtension.dll
Symbol file LoadedFromMemory is not a mono symbol file
Symbol file data-00000171F455F6C0 doesn't match image E:\NamBtProjects\New folder\Assets\Firebase\Plugins\Firebase.Crashlytics.dll
Symbol file LoadedFromMemory is not a mono symbol file
Symbol file LoadedFromMemory is not a mono symbol file
Symbol file LoadedFromMemory is not a mono symbol file
Symbol file data-00000171F455F6C0 doesn't match image E:\NamBtProjects\New folder\Assets\Firebase\Plugins\Firebase.Platform.dll
Symbol file LoadedFromMemory is not a mono symbol file
- Loaded All Assemblies, in  0.516 seconds
Refreshing native plugins compatible for Editor in 21.29 ms, found 21 plugins.
Native extension for WindowsStandalone target not found
Native extension for Android target not found
[Package Manager] Server::EnsureServerProcessIsRunning -- launch failed, reason: Unity was launched with the -noUpm command-line argument
[Package Manager] UpmClient::Send -- Unable to send message (not connected to UPM process).
[Package Manager] Cannot connect to Unity Package Manager local server
Mono: successfully reloaded assembly
- Finished resetting the current domain, in  1.553 seconds
Domain Reload Profiling: 2068ms
	BeginReloadAssembly (140ms)
		ExecutionOrderSort (0ms)
		DisableScriptedObjects (11ms)
		BackupInstance (0ms)
		ReleaseScriptingObjects (0ms)
		CreateAndSetChildDomain (45ms)
	RebuildCommonClasses (30ms)
	RebuildNativeTypeToScriptingClass (11ms)
	initialDomainReloadingComplete (29ms)
	LoadAllAssembliesAndSetupDomain (304ms)
		LoadAssemblies (312ms)
		RebuildTransferFunctionScriptingTraits (0ms)
		AnalyzeDomain (52ms)
			TypeCache.Refresh (17ms)
				TypeCache.ScanAssembly (4ms)
			ScanForSourceGeneratedMonoScriptInfo (17ms)
			ResolveRequiredComponents (17ms)
	FinalizeReload (1553ms)
		ReleaseScriptCaches (0ms)
		RebuildScriptCaches (0ms)
		SetupLoadedEditorAssemblies (1092ms)
			LogAssemblyErrors (0ms)
			InitializePlatformSupportModulesInManaged (19ms)
			SetLoadedEditorAssemblies (6ms)
			RefreshPlugins (0ms)
			BeforeProcessingInitializeOnLoad (78ms)
			ProcessInitializeOnLoadAttributes (732ms)
			ProcessInitializeOnLoadMethodAttributes (254ms)
			AfterProcessingInitializeOnLoad (2ms)
			EditorAssembliesLoaded (1ms)
		ExecutionOrderSort2 (0ms)
		AwakeInstancesAfterBackupRestoration (14ms)
Script is not up to date after domain reload: guid(6982dc3c3f941fd47b351d8618be5a35) path("Assets/Scripts/WeeklyEvent/WeelyEventController.cs") state(2)
Shader 'MoreMountains/MMRipple': fallback shader 'Particle/AlphaBlended' not found
Shader Hidden/ProbeVolume/VoxelizeScene is not supported: GPU does not support conservative rasterization
Refreshing native plugins compatible for Editor in 48.08 ms, found 21 plugins.
Preloading 0 native plugins for Editor in 0.00 ms.
Unloading 7924 Unused Serialized files (Serialized files now loaded: 0)
Unloading 438 unused Assets / (2.3 MB). Loaded Objects now: 8370.
Memory consumption went from 361.2 MB to 358.9 MB.
Total: 19.050400 ms (FindLiveObjects: 0.431100 ms CreateObjectMapping: 0.244300 ms MarkObjects: 17.205500 ms  DeleteObjects: 1.168300 ms)

Prepare: number of updated asset objects reloaded= 0
AssetImportParameters requested are different than current active one (requested -> active):
  custom:container-demuxer-ogg: 62fdf1f143b41e24485cea50d1cbac27 -> 
  custom:framework-win-MediaFoundation: 216162199b28c13a410421893ffa2e32 -> 
  custom:container-muxer-webm: aa71ff27fc2769a1b78a27578f13a17b -> 
  custom:video-decoder-webm-vp8: 9c59270c3fd7afecdb556c50c9e8de78 -> 
  custom:SearchIndexIgnoredProperties: e643bd26f0fe6173181afceb89e7c659 -> 
  custom:AudioImporter_EditorPlatform: d09bf68614088b80899f8185d706f6e7 -> 
  custom:audio-decoder-ogg-vorbis: bf7c407c2cedff20999df2af8eb42d56 -> 
  custom:audio-encoder-webm-vorbis: bf7c407c2cedff20999df2af8eb42d56 -> 
  custom:video-codec-MediaFoundation-h265: 746d11721c4dcdbdad8f713fa42b33f4 -> 
  custom:video-decoder-ogg-theora: a1e56fd34408186e4bbccfd4996cb3dc -> 
  custom:CustomObjectIndexerAttribute: 43b350a4d6e6d1791af0b5038c4bea17 -> 
  custom:container-demuxer-webm: 4f35f7cbe854078d1ac9338744f61a02 -> 
  custom:video-encoder-webm-vp8: eb34c28f22e8b96e1ab97ce403110664 -> 
========================================================================
Received Prepare
Begin MonoManager ReloadAssembly
Symbol file data-00000171F449A010 doesn't match image E:\NamBtProjects\New folder\Assets\Firebase\Plugins\Firebase.Analytics.dll
Symbol file LoadedFromMemory is not a mono symbol file
Symbol file data-00000171F66E8A30 doesn't match image E:\NamBtProjects\New folder\Assets\Firebase\Plugins\Firebase.App.dll
Symbol file LoadedFromMemory is not a mono symbol file
Symbol file data-00000171F7C67D70 doesn't match image E:\NamBtProjects\New folder\Assets\Firebase\Plugins\Firebase.RemoteConfig.dll
Symbol file LoadedFromMemory is not a mono symbol file
Symbol file data-00000171F4315BA0 doesn't match image E:\NamBtProjects\New folder\Assets\Firebase\Plugins\Firebase.TaskExtension.dll
Symbol file LoadedFromMemory is not a mono symbol file
Symbol file data-00000173A674E0D0 doesn't match image E:\NamBtProjects\New folder\Assets\Firebase\Plugins\Firebase.Crashlytics.dll
Symbol file LoadedFromMemory is not a mono symbol file
Symbol file LoadedFromMemory is not a mono symbol file
Symbol file LoadedFromMemory is not a mono symbol file
Symbol file data-00000173A9D8CB00 doesn't match image E:\NamBtProjects\New folder\Assets\Firebase\Plugins\Firebase.Platform.dll
Symbol file LoadedFromMemory is not a mono symbol file
- Loaded All Assemblies, in  0.471 seconds
Refreshing native plugins compatible for Editor in 15.37 ms, found 21 plugins.
Native extension for WindowsStandalone target not found
Native extension for Android target not found
[Package Manager] Server::EnsureServerProcessIsRunning -- launch failed, reason: Unity was launched with the -noUpm command-line argument
[Package Manager] UpmClient::Send -- Unable to send message (not connected to UPM process).
[Package Manager] Cannot connect to Unity Package Manager local server
Unable to write to 'ProjectSettings\GvhProjectSettings.xml' (System.IO.IOException: Sharing violation on path E:\NamBtProjects\New folder\ProjectSettings\GvhProjectSettings.xml
  at System.IO.FileStream..ctor (System.String path, System.IO.FileMode mode, System.IO.FileAccess access, System.IO.FileShare share, System.Int32 bufferSize, System.Boolean anonymous, System.IO.FileOptions options) [0x0019e] in <7ec8e29954a6455daa48484a381ec418>:0 
  at System.IO.FileStream..ctor (System.String path, System.IO.FileMode mode, System.IO.FileAccess access, System.IO.FileShare share, System.Int32 bufferSize, System.IO.FileOptions options) [0x00000] in <7ec8e29954a6455daa48484a381ec418>:0 
  at System.IO.FileStream..ctor (System.String path, System.IO.FileMode mode, System.IO.FileAccess access, System.IO.FileShare share, System.Int32 bufferSize, System.Boolean useAsync) [0x00000] in <7ec8e29954a6455daa48484a381ec418>:0 
  at (wrapper remoting-invoke-with-check) System.IO.FileStream..ctor(string,System.IO.FileMode,System.IO.FileAccess,System.IO.FileShare,int,bool)
  at System.Xml.XmlWriterSettings.CreateWriter (System.String outputFileName) [0x00051] in <c2523d03ddff4e0cb03e012d5ce108c0>:0 
  at System.Xml.XmlWriter.Create (System.String outputFileName, System.Xml.XmlWriterSettings settings) [0x0000a] in <c2523d03ddff4e0cb03e012d5ce108c0>:0 
  at Google.ProjectSettings.Save () [0x0006d] in /Users/chkuang/Workspace/Git/unity-jar-resolver/source/VersionHandlerImpl/src/ProjectSettings.cs:820 , Project settings were not saved!
UnityEngine.StackTraceUtility:ExtractStackTrace ()
UnityEngine.DebugLogHandler:LogFormat (UnityEngine.LogType,UnityEngine.Object,string,object[])
UnityEngine.Logger:Log (UnityEngine.LogType,object)
UnityEngine.Debug:LogError (object)
Google.Logger:Log (string,Google.LogLevel) (at /Users/chkuang/Workspace/Git/unity-jar-resolver/source/VersionHandlerImpl/src/Logger.cs:136)
Google.ProjectSettings:Save () (at /Users/chkuang/Workspace/Git/unity-jar-resolver/source/VersionHandlerImpl/src/ProjectSettings.cs:842)
Google.ProjectSettings:SetBool (string,bool,Google.SettingsLocation) (at /Users/chkuang/Workspace/Git/unity-jar-resolver/source/VersionHandlerImpl/src/ProjectSettings.cs:484)
Google.ProjectSettings:SetBool (string,bool) (at /Users/chkuang/Workspace/Git/unity-jar-resolver/source/VersionHandlerImpl/src/ProjectSettings.cs:496)
Google.IOSResolver:set_VerboseLoggingEnabled (bool) (at /Users/amaurice/Documents/GitHub/unity-jar-resolver/source/IOSResolver/src/IOSResolver.cs:1041)
Google.IOSResolver:.cctor () (at /Users/amaurice/Documents/GitHub/unity-jar-resolver/source/IOSResolver/src/IOSResolver.cs:727)
System.Runtime.CompilerServices.RuntimeHelpers:RunClassConstructor (System.RuntimeTypeHandle)
UnityEditor.EditorAssemblies:ProcessInitializeOnLoadAttributes (System.Type[])

(Filename: /Users/chkuang/Workspace/Git/unity-jar-resolver/source/VersionHandlerImpl/src/ProjectSettings.cs Line: 842)

Mono: successfully reloaded assembly
- Finished resetting the current domain, in  1.423 seconds
Domain Reload Profiling: 1893ms
	BeginReloadAssembly (135ms)
		ExecutionOrderSort (0ms)
		DisableScriptedObjects (7ms)
		BackupInstance (0ms)
		ReleaseScriptingObjects (0ms)
		CreateAndSetChildDomain (46ms)
	RebuildCommonClasses (32ms)
	RebuildNativeTypeToScriptingClass (9ms)
	initialDomainReloadingComplete (27ms)
	LoadAllAssembliesAndSetupDomain (268ms)
		LoadAssemblies (286ms)
		RebuildTransferFunctionScriptingTraits (0ms)
		AnalyzeDomain (41ms)
			TypeCache.Refresh (14ms)
				TypeCache.ScanAssembly (3ms)
			ScanForSourceGeneratedMonoScriptInfo (13ms)
			ResolveRequiredComponents (13ms)
	FinalizeReload (1424ms)
		ReleaseScriptCaches (0ms)
		RebuildScriptCaches (0ms)
		SetupLoadedEditorAssemblies (1039ms)
			LogAssemblyErrors (0ms)
			InitializePlatformSupportModulesInManaged (18ms)
			SetLoadedEditorAssemblies (5ms)
			RefreshPlugins (0ms)
			BeforeProcessingInitializeOnLoad (77ms)
			ProcessInitializeOnLoadAttributes (731ms)
			ProcessInitializeOnLoadMethodAttributes (206ms)
			AfterProcessingInitializeOnLoad (1ms)
			EditorAssembliesLoaded (1ms)
		ExecutionOrderSort2 (0ms)
		AwakeInstancesAfterBackupRestoration (8ms)
Shader 'MoreMountains/MMRipple': fallback shader 'Particle/AlphaBlended' not found
Shader Hidden/ProbeVolume/VoxelizeScene is not supported: GPU does not support conservative rasterization
Refreshing native plugins compatible for Editor in 15.39 ms, found 21 plugins.
Preloading 0 native plugins for Editor in 0.00 ms.
Unloading 7925 Unused Serialized files (Serialized files now loaded: 0)
Unloading 438 unused Assets / (2.2 MB). Loaded Objects now: 8375.
Memory consumption went from 363.1 MB to 360.9 MB.
Total: 14.683500 ms (FindLiveObjects: 0.341500 ms CreateObjectMapping: 0.232400 ms MarkObjects: 13.044500 ms  DeleteObjects: 1.063900 ms)

Prepare: number of updated asset objects reloaded= 0
AssetImportParameters requested are different than current active one (requested -> active):
  custom:container-demuxer-ogg: 62fdf1f143b41e24485cea50d1cbac27 -> 
  custom:framework-win-MediaFoundation: 216162199b28c13a410421893ffa2e32 -> 
  custom:container-muxer-webm: aa71ff27fc2769a1b78a27578f13a17b -> 
  custom:video-decoder-webm-vp8: 9c59270c3fd7afecdb556c50c9e8de78 -> 
  custom:SearchIndexIgnoredProperties: e643bd26f0fe6173181afceb89e7c659 -> 
  custom:AudioImporter_EditorPlatform: d09bf68614088b80899f8185d706f6e7 -> 
  custom:audio-decoder-ogg-vorbis: bf7c407c2cedff20999df2af8eb42d56 -> 
  custom:audio-encoder-webm-vorbis: bf7c407c2cedff20999df2af8eb42d56 -> 
  custom:video-codec-MediaFoundation-h265: 746d11721c4dcdbdad8f713fa42b33f4 -> 
  custom:video-decoder-ogg-theora: a1e56fd34408186e4bbccfd4996cb3dc -> 
  custom:CustomObjectIndexerAttribute: 43b350a4d6e6d1791af0b5038c4bea17 -> 
  custom:container-demuxer-webm: 4f35f7cbe854078d1ac9338744f61a02 -> 
  custom:video-encoder-webm-vp8: eb34c28f22e8b96e1ab97ce403110664 -> 
========================================================================
Received Prepare
Begin MonoManager ReloadAssembly
Symbol file data-00000173A5FDAC70 doesn't match image E:\NamBtProjects\New folder\Assets\Firebase\Plugins\Firebase.Analytics.dll
Symbol file LoadedFromMemory is not a mono symbol file
Symbol file data-00000171F64BFC70 doesn't match image E:\NamBtProjects\New folder\Assets\Firebase\Plugins\Firebase.App.dll
Symbol file LoadedFromMemory is not a mono symbol file
Symbol file data-00000173A970E0F0 doesn't match image E:\NamBtProjects\New folder\Assets\Firebase\Plugins\Firebase.RemoteConfig.dll
Symbol file LoadedFromMemory is not a mono symbol file
Symbol file data-00000171F7F5DD70 doesn't match image E:\NamBtProjects\New folder\Assets\Firebase\Plugins\Firebase.TaskExtension.dll
Symbol file LoadedFromMemory is not a mono symbol file
Symbol file data-00000173A970E0F0 doesn't match image E:\NamBtProjects\New folder\Assets\Firebase\Plugins\Firebase.Crashlytics.dll
Symbol file LoadedFromMemory is not a mono symbol file
Symbol file LoadedFromMemory is not a mono symbol file
Symbol file LoadedFromMemory is not a mono symbol file
Symbol file data-00000173A9D48E70 doesn't match image E:\NamBtProjects\New folder\Assets\Firebase\Plugins\Firebase.Platform.dll
Symbol file LoadedFromMemory is not a mono symbol file
- Loaded All Assemblies, in  0.502 seconds
Refreshing native plugins compatible for Editor in 15.93 ms, found 21 plugins.
Native extension for WindowsStandalone target not found
Native extension for Android target not found
[Package Manager] Server::EnsureServerProcessIsRunning -- launch failed, reason: Unity was launched with the -noUpm command-line argument
[Package Manager] UpmClient::Send -- Unable to send message (not connected to UPM process).
[Package Manager] Cannot connect to Unity Package Manager local server
Mono: successfully reloaded assembly
- Finished resetting the current domain, in  1.375 seconds
Domain Reload Profiling: 1876ms
	BeginReloadAssembly (134ms)
		ExecutionOrderSort (0ms)
		DisableScriptedObjects (8ms)
		BackupInstance (0ms)
		ReleaseScriptingObjects (0ms)
		CreateAndSetChildDomain (47ms)
	RebuildCommonClasses (24ms)
	RebuildNativeTypeToScriptingClass (9ms)
	initialDomainReloadingComplete (37ms)
	LoadAllAssembliesAndSetupDomain (296ms)
		LoadAssemblies (302ms)
		RebuildTransferFunctionScriptingTraits (0ms)
		AnalyzeDomain (50ms)
			TypeCache.Refresh (14ms)
				TypeCache.ScanAssembly (3ms)
			ScanForSourceGeneratedMonoScriptInfo (19ms)
			ResolveRequiredComponents (16ms)
	FinalizeReload (1375ms)
		ReleaseScriptCaches (0ms)
		RebuildScriptCaches (0ms)
		SetupLoadedEditorAssemblies (999ms)
			LogAssemblyErrors (0ms)
			InitializePlatformSupportModulesInManaged (16ms)
			SetLoadedEditorAssemblies (4ms)
			RefreshPlugins (0ms)
			BeforeProcessingInitializeOnLoad (79ms)
			ProcessInitializeOnLoadAttributes (700ms)
			ProcessInitializeOnLoadMethodAttributes (197ms)
			AfterProcessingInitializeOnLoad (2ms)
			EditorAssembliesLoaded (1ms)
		ExecutionOrderSort2 (0ms)
		AwakeInstancesAfterBackupRestoration (9ms)
Shader 'MoreMountains/MMRipple': fallback shader 'Particle/AlphaBlended' not found
Shader Hidden/ProbeVolume/VoxelizeScene is not supported: GPU does not support conservative rasterization
Refreshing native plugins compatible for Editor in 14.42 ms, found 21 plugins.
Preloading 0 native plugins for Editor in 0.00 ms.
Unloading 7925 Unused Serialized files (Serialized files now loaded: 0)
Unloading 438 unused Assets / (2.2 MB). Loaded Objects now: 8379.
Memory consumption went from 365.0 MB to 362.8 MB.
Total: 15.370000 ms (FindLiveObjects: 0.358200 ms CreateObjectMapping: 0.219900 ms MarkObjects: 13.719500 ms  DeleteObjects: 1.071700 ms)

Prepare: number of updated asset objects reloaded= 0
AssetImportParameters requested are different than current active one (requested -> active):
  custom:container-demuxer-ogg: 62fdf1f143b41e24485cea50d1cbac27 -> 
  custom:framework-win-MediaFoundation: 216162199b28c13a410421893ffa2e32 -> 
  custom:container-muxer-webm: aa71ff27fc2769a1b78a27578f13a17b -> 
  custom:video-decoder-webm-vp8: 9c59270c3fd7afecdb556c50c9e8de78 -> 
  custom:SearchIndexIgnoredProperties: e643bd26f0fe6173181afceb89e7c659 -> 
  custom:AudioImporter_EditorPlatform: d09bf68614088b80899f8185d706f6e7 -> 
  custom:audio-decoder-ogg-vorbis: bf7c407c2cedff20999df2af8eb42d56 -> 
  custom:audio-encoder-webm-vorbis: bf7c407c2cedff20999df2af8eb42d56 -> 
  custom:video-codec-MediaFoundation-h265: 746d11721c4dcdbdad8f713fa42b33f4 -> 
  custom:video-decoder-ogg-theora: a1e56fd34408186e4bbccfd4996cb3dc -> 
  custom:CustomObjectIndexerAttribute: 43b350a4d6e6d1791af0b5038c4bea17 -> 
  custom:container-demuxer-webm: 4f35f7cbe854078d1ac9338744f61a02 -> 
  custom:video-encoder-webm-vp8: eb34c28f22e8b96e1ab97ce403110664 -> 
========================================================================
Received Prepare
Begin MonoManager ReloadAssembly
Symbol file data-00000171F4C1DB40 doesn't match image E:\NamBtProjects\New folder\Assets\Firebase\Plugins\Firebase.Analytics.dll
Symbol file LoadedFromMemory is not a mono symbol file
Symbol file data-00000173A7D25C60 doesn't match image E:\NamBtProjects\New folder\Assets\Firebase\Plugins\Firebase.App.dll
Symbol file LoadedFromMemory is not a mono symbol file
Symbol file data-00000173ABACDDC0 doesn't match image E:\NamBtProjects\New folder\Assets\Firebase\Plugins\Firebase.RemoteConfig.dll
Symbol file LoadedFromMemory is not a mono symbol file
Symbol file data-00000173F03C24E0 doesn't match image E:\NamBtProjects\New folder\Assets\Firebase\Plugins\Firebase.TaskExtension.dll
Symbol file LoadedFromMemory is not a mono symbol file
Symbol file data-00000171F7FEEBB0 doesn't match image E:\NamBtProjects\New folder\Assets\Firebase\Plugins\Firebase.Crashlytics.dll
Symbol file LoadedFromMemory is not a mono symbol file
Symbol file LoadedFromMemory is not a mono symbol file
Symbol file LoadedFromMemory is not a mono symbol file
Symbol file data-00000173A7F88E20 doesn't match image E:\NamBtProjects\New folder\Assets\Firebase\Plugins\Firebase.Platform.dll
Symbol file LoadedFromMemory is not a mono symbol file
- Loaded All Assemblies, in  0.508 seconds
Refreshing native plugins compatible for Editor in 19.94 ms, found 21 plugins.
Native extension for WindowsStandalone target not found
Native extension for Android target not found
[Package Manager] Server::EnsureServerProcessIsRunning -- launch failed, reason: Unity was launched with the -noUpm command-line argument
[Package Manager] UpmClient::Send -- Unable to send message (not connected to UPM process).
[Package Manager] Cannot connect to Unity Package Manager local server
Mono: successfully reloaded assembly
- Finished resetting the current domain, in  1.373 seconds
Domain Reload Profiling: 1880ms
	BeginReloadAssembly (147ms)
		ExecutionOrderSort (0ms)
		DisableScriptedObjects (8ms)
		BackupInstance (0ms)
		ReleaseScriptingObjects (0ms)
		CreateAndSetChildDomain (49ms)
	RebuildCommonClasses (22ms)
	RebuildNativeTypeToScriptingClass (9ms)
	initialDomainReloadingComplete (27ms)
	LoadAllAssembliesAndSetupDomain (302ms)
		LoadAssemblies (325ms)
		RebuildTransferFunctionScriptingTraits (0ms)
		AnalyzeDomain (43ms)
			TypeCache.Refresh (15ms)
				TypeCache.ScanAssembly (3ms)
			ScanForSourceGeneratedMonoScriptInfo (14ms)
			ResolveRequiredComponents (14ms)
	FinalizeReload (1373ms)
		ReleaseScriptCaches (0ms)
		RebuildScriptCaches (0ms)
		SetupLoadedEditorAssemblies (988ms)
			LogAssemblyErrors (0ms)
			InitializePlatformSupportModulesInManaged (16ms)
			SetLoadedEditorAssemblies (4ms)
			RefreshPlugins (0ms)
			BeforeProcessingInitializeOnLoad (74ms)
			ProcessInitializeOnLoadAttributes (706ms)
			ProcessInitializeOnLoadMethodAttributes (186ms)
			AfterProcessingInitializeOnLoad (1ms)
			EditorAssembliesLoaded (1ms)
		ExecutionOrderSort2 (0ms)
		AwakeInstancesAfterBackupRestoration (8ms)
Shader 'MoreMountains/MMRipple': fallback shader 'Particle/AlphaBlended' not found
Shader Hidden/ProbeVolume/VoxelizeScene is not supported: GPU does not support conservative rasterization
Refreshing native plugins compatible for Editor in 15.14 ms, found 21 plugins.
Preloading 0 native plugins for Editor in 0.00 ms.
Unloading 7925 Unused Serialized files (Serialized files now loaded: 0)
Unloading 438 unused Assets / (2.3 MB). Loaded Objects now: 8383.
Memory consumption went from 366.9 MB to 364.7 MB.
Total: 15.422400 ms (FindLiveObjects: 0.372000 ms CreateObjectMapping: 0.239600 ms MarkObjects: 13.636500 ms  DeleteObjects: 1.173300 ms)

Prepare: number of updated asset objects reloaded= 0
AssetImportParameters requested are different than current active one (requested -> active):
  custom:container-demuxer-ogg: 62fdf1f143b41e24485cea50d1cbac27 -> 
  custom:framework-win-MediaFoundation: 216162199b28c13a410421893ffa2e32 -> 
  custom:container-muxer-webm: aa71ff27fc2769a1b78a27578f13a17b -> 
  custom:video-decoder-webm-vp8: 9c59270c3fd7afecdb556c50c9e8de78 -> 
  custom:SearchIndexIgnoredProperties: e643bd26f0fe6173181afceb89e7c659 -> 
  custom:AudioImporter_EditorPlatform: d09bf68614088b80899f8185d706f6e7 -> 
  custom:audio-decoder-ogg-vorbis: bf7c407c2cedff20999df2af8eb42d56 -> 
  custom:audio-encoder-webm-vorbis: bf7c407c2cedff20999df2af8eb42d56 -> 
  custom:video-codec-MediaFoundation-h265: 746d11721c4dcdbdad8f713fa42b33f4 -> 
  custom:video-decoder-ogg-theora: a1e56fd34408186e4bbccfd4996cb3dc -> 
  custom:CustomObjectIndexerAttribute: 43b350a4d6e6d1791af0b5038c4bea17 -> 
  custom:container-demuxer-webm: 4f35f7cbe854078d1ac9338744f61a02 -> 
  custom:video-encoder-webm-vp8: eb34c28f22e8b96e1ab97ce403110664 -> 
========================================================================
Received Prepare
Begin MonoManager ReloadAssembly
Symbol file data-00000171F42B40E0 doesn't match image E:\NamBtProjects\New folder\Assets\Firebase\Plugins\Firebase.Analytics.dll
Symbol file LoadedFromMemory is not a mono symbol file
Symbol file data-00000173A7B6B840 doesn't match image E:\NamBtProjects\New folder\Assets\Firebase\Plugins\Firebase.App.dll
Symbol file LoadedFromMemory is not a mono symbol file
Symbol file data-00000173AB82BC30 doesn't match image E:\NamBtProjects\New folder\Assets\Firebase\Plugins\Firebase.RemoteConfig.dll
Symbol file LoadedFromMemory is not a mono symbol file
Symbol file data-00000173A76354A0 doesn't match image E:\NamBtProjects\New folder\Assets\Firebase\Plugins\Firebase.TaskExtension.dll
Symbol file LoadedFromMemory is not a mono symbol file
Symbol file data-00000173AB82BC30 doesn't match image E:\NamBtProjects\New folder\Assets\Firebase\Plugins\Firebase.Crashlytics.dll
Symbol file LoadedFromMemory is not a mono symbol file
Symbol file LoadedFromMemory is not a mono symbol file
Symbol file LoadedFromMemory is not a mono symbol file
Symbol file data-00000173AB82BC30 doesn't match image E:\NamBtProjects\New folder\Assets\Firebase\Plugins\Firebase.Platform.dll
Symbol file LoadedFromMemory is not a mono symbol file
- Loaded All Assemblies, in  0.508 seconds
Refreshing native plugins compatible for Editor in 15.98 ms, found 21 plugins.
Native extension for WindowsStandalone target not found
Native extension for Android target not found
[Package Manager] Server::EnsureServerProcessIsRunning -- launch failed, reason: Unity was launched with the -noUpm command-line argument
[Package Manager] UpmClient::Send -- Unable to send message (not connected to UPM process).
[Package Manager] Cannot connect to Unity Package Manager local server
Mono: successfully reloaded assembly
- Finished resetting the current domain, in  1.401 seconds
Domain Reload Profiling: 1908ms
	BeginReloadAssembly (138ms)
		ExecutionOrderSort (0ms)
		DisableScriptedObjects (8ms)
		BackupInstance (0ms)
		ReleaseScriptingObjects (0ms)
		CreateAndSetChildDomain (45ms)
	RebuildCommonClasses (22ms)
	RebuildNativeTypeToScriptingClass (8ms)
	initialDomainReloadingComplete (31ms)
	LoadAllAssembliesAndSetupDomain (307ms)
		LoadAssemblies (327ms)
		RebuildTransferFunctionScriptingTraits (0ms)
		AnalyzeDomain (42ms)
			TypeCache.Refresh (15ms)
				TypeCache.ScanAssembly (3ms)
			ScanForSourceGeneratedMonoScriptInfo (13ms)
			ResolveRequiredComponents (13ms)
	FinalizeReload (1401ms)
		ReleaseScriptCaches (0ms)
		RebuildScriptCaches (0ms)
		SetupLoadedEditorAssemblies (953ms)
			LogAssemblyErrors (0ms)
			InitializePlatformSupportModulesInManaged (16ms)
			SetLoadedEditorAssemblies (4ms)
			RefreshPlugins (0ms)
			BeforeProcessingInitializeOnLoad (70ms)
			ProcessInitializeOnLoadAttributes (679ms)
			ProcessInitializeOnLoadMethodAttributes (181ms)
			AfterProcessingInitializeOnLoad (1ms)
			EditorAssembliesLoaded (1ms)
		ExecutionOrderSort2 (0ms)
		AwakeInstancesAfterBackupRestoration (8ms)
Shader 'MoreMountains/MMRipple': fallback shader 'Particle/AlphaBlended' not found
Shader Hidden/ProbeVolume/VoxelizeScene is not supported: GPU does not support conservative rasterization
Refreshing native plugins compatible for Editor in 17.37 ms, found 21 plugins.
Preloading 0 native plugins for Editor in 0.00 ms.
Unloading 7925 Unused Serialized files (Serialized files now loaded: 0)
Unloading 438 unused Assets / (2.3 MB). Loaded Objects now: 8387.
Memory consumption went from 368.8 MB to 366.6 MB.
Total: 18.817400 ms (FindLiveObjects: 0.383000 ms CreateObjectMapping: 0.241100 ms MarkObjects: 17.068600 ms  DeleteObjects: 1.123600 ms)

Prepare: number of updated asset objects reloaded= 0
AssetImportParameters requested are different than current active one (requested -> active):
  custom:container-demuxer-ogg: 62fdf1f143b41e24485cea50d1cbac27 -> 
  custom:framework-win-MediaFoundation: 216162199b28c13a410421893ffa2e32 -> 
  custom:container-muxer-webm: aa71ff27fc2769a1b78a27578f13a17b -> 
  custom:video-decoder-webm-vp8: 9c59270c3fd7afecdb556c50c9e8de78 -> 
  custom:SearchIndexIgnoredProperties: e643bd26f0fe6173181afceb89e7c659 -> 
  custom:AudioImporter_EditorPlatform: d09bf68614088b80899f8185d706f6e7 -> 
  custom:audio-decoder-ogg-vorbis: bf7c407c2cedff20999df2af8eb42d56 -> 
  custom:audio-encoder-webm-vorbis: bf7c407c2cedff20999df2af8eb42d56 -> 
  custom:video-codec-MediaFoundation-h265: 746d11721c4dcdbdad8f713fa42b33f4 -> 
  custom:video-decoder-ogg-theora: a1e56fd34408186e4bbccfd4996cb3dc -> 
  custom:CustomObjectIndexerAttribute: 43b350a4d6e6d1791af0b5038c4bea17 -> 
  custom:container-demuxer-webm: 4f35f7cbe854078d1ac9338744f61a02 -> 
  custom:video-encoder-webm-vp8: eb34c28f22e8b96e1ab97ce403110664 -> 
========================================================================
Received Prepare
Begin MonoManager ReloadAssembly
Symbol file data-00000171F7497200 doesn't match image E:\NamBtProjects\New folder\Assets\Firebase\Plugins\Firebase.Analytics.dll
Symbol file LoadedFromMemory is not a mono symbol file
Symbol file data-00000171F3DFC8E0 doesn't match image E:\NamBtProjects\New folder\Assets\Firebase\Plugins\Firebase.App.dll
Symbol file LoadedFromMemory is not a mono symbol file
Symbol file data-00000173A889BCB0 doesn't match image E:\NamBtProjects\New folder\Assets\Firebase\Plugins\Firebase.RemoteConfig.dll
Symbol file LoadedFromMemory is not a mono symbol file
Symbol file data-00000173AB743080 doesn't match image E:\NamBtProjects\New folder\Assets\Firebase\Plugins\Firebase.TaskExtension.dll
Symbol file LoadedFromMemory is not a mono symbol file
Symbol file data-00000173A889BCB0 doesn't match image E:\NamBtProjects\New folder\Assets\Firebase\Plugins\Firebase.Crashlytics.dll
Symbol file LoadedFromMemory is not a mono symbol file
Symbol file LoadedFromMemory is not a mono symbol file
Symbol file LoadedFromMemory is not a mono symbol file
Symbol file data-00000171F7F14A40 doesn't match image E:\NamBtProjects\New folder\Assets\Firebase\Plugins\Firebase.Platform.dll
Symbol file LoadedFromMemory is not a mono symbol file
- Loaded All Assemblies, in  0.525 seconds
Refreshing native plugins compatible for Editor in 21.81 ms, found 21 plugins.
Native extension for WindowsStandalone target not found
Native extension for Android target not found
[Package Manager] Server::EnsureServerProcessIsRunning -- launch failed, reason: Unity was launched with the -noUpm command-line argument
[Package Manager] UpmClient::Send -- Unable to send message (not connected to UPM process).
[Package Manager] Cannot connect to Unity Package Manager local server
Mono: successfully reloaded assembly
- Finished resetting the current domain, in  1.492 seconds
Domain Reload Profiling: 2017ms
	BeginReloadAssembly (149ms)
		ExecutionOrderSort (0ms)
		DisableScriptedObjects (11ms)
		BackupInstance (0ms)
		ReleaseScriptingObjects (0ms)
		CreateAndSetChildDomain (48ms)
	RebuildCommonClasses (23ms)
	RebuildNativeTypeToScriptingClass (9ms)
	initialDomainReloadingComplete (28ms)
	LoadAllAssembliesAndSetupDomain (315ms)
		LoadAssemblies (334ms)
		RebuildTransferFunctionScriptingTraits (0ms)
		AnalyzeDomain (46ms)
			TypeCache.Refresh (14ms)
				TypeCache.ScanAssembly (3ms)
			ScanForSourceGeneratedMonoScriptInfo (16ms)
			ResolveRequiredComponents (15ms)
	FinalizeReload (1493ms)
		ReleaseScriptCaches (0ms)
		RebuildScriptCaches (0ms)
		SetupLoadedEditorAssemblies (1078ms)
			LogAssemblyErrors (0ms)
			InitializePlatformSupportModulesInManaged (20ms)
			SetLoadedEditorAssemblies (5ms)
			RefreshPlugins (0ms)
			BeforeProcessingInitializeOnLoad (81ms)
			ProcessInitializeOnLoadAttributes (756ms)
			ProcessInitializeOnLoadMethodAttributes (214ms)
			AfterProcessingInitializeOnLoad (2ms)
			EditorAssembliesLoaded (1ms)
		ExecutionOrderSort2 (0ms)
		AwakeInstancesAfterBackupRestoration (9ms)
Shader 'MoreMountains/MMRipple': fallback shader 'Particle/AlphaBlended' not found
Shader Hidden/ProbeVolume/VoxelizeScene is not supported: GPU does not support conservative rasterization
Refreshing native plugins compatible for Editor in 18.14 ms, found 21 plugins.
Preloading 0 native plugins for Editor in 0.00 ms.
Unloading 7926 Unused Serialized files (Serialized files now loaded: 0)
Unloading 438 unused Assets / (2.3 MB). Loaded Objects now: 8392.
Memory consumption went from 370.8 MB to 368.4 MB.
Total: 15.919100 ms (FindLiveObjects: 0.377700 ms CreateObjectMapping: 0.259600 ms MarkObjects: 13.815400 ms  DeleteObjects: 1.465300 ms)

Prepare: number of updated asset objects reloaded= 0
AssetImportParameters requested are different than current active one (requested -> active):
  custom:container-demuxer-ogg: 62fdf1f143b41e24485cea50d1cbac27 -> 
  custom:framework-win-MediaFoundation: 216162199b28c13a410421893ffa2e32 -> 
  custom:container-muxer-webm: aa71ff27fc2769a1b78a27578f13a17b -> 
  custom:video-decoder-webm-vp8: 9c59270c3fd7afecdb556c50c9e8de78 -> 
  custom:SearchIndexIgnoredProperties: e643bd26f0fe6173181afceb89e7c659 -> 
  custom:AudioImporter_EditorPlatform: d09bf68614088b80899f8185d706f6e7 -> 
  custom:audio-decoder-ogg-vorbis: bf7c407c2cedff20999df2af8eb42d56 -> 
  custom:audio-encoder-webm-vorbis: bf7c407c2cedff20999df2af8eb42d56 -> 
  custom:video-codec-MediaFoundation-h265: 746d11721c4dcdbdad8f713fa42b33f4 -> 
  custom:video-decoder-ogg-theora: a1e56fd34408186e4bbccfd4996cb3dc -> 
  custom:CustomObjectIndexerAttribute: 43b350a4d6e6d1791af0b5038c4bea17 -> 
  custom:container-demuxer-webm: 4f35f7cbe854078d1ac9338744f61a02 -> 
  custom:video-encoder-webm-vp8: eb34c28f22e8b96e1ab97ce403110664 -> 
========================================================================
Received Import Request.
  Time since last request: 3402.753635 seconds.
  path: Assets/Scripts/WeeklyEvent/EventController.cs
  artifactKey: Guid(4614ae8cc23b3ac48a5f5a1ade23f9c5) Importer(815301076,1909f56bfc062723c751e8b465ee728b)
Start importing Assets/Scripts/WeeklyEvent/EventController.cs using Guid(4614ae8cc23b3ac48a5f5a1ade23f9c5) Importer(815301076,1909f56bfc062723c751e8b465ee728b)  -> (artifact id: 'bc9a08446aedf19067fca250af2bec6a') in 0.001722 seconds
Number of updated asset objects reloaded before import = 0
Number of asset objects unloaded after import = 0
========================================================================
Received Prepare
Begin MonoManager ReloadAssembly
Symbol file data-00000171F49C2440 doesn't match image E:\NamBtProjects\New folder\Assets\Firebase\Plugins\Firebase.Analytics.dll
Symbol file LoadedFromMemory is not a mono symbol file
Symbol file data-00000173AAE57830 doesn't match image E:\NamBtProjects\New folder\Assets\Firebase\Plugins\Firebase.App.dll
Symbol file LoadedFromMemory is not a mono symbol file
Symbol file data-00000171F77309A0 doesn't match image E:\NamBtProjects\New folder\Assets\Firebase\Plugins\Firebase.RemoteConfig.dll
Symbol file LoadedFromMemory is not a mono symbol file
Symbol file data-00000173A9C10E60 doesn't match image E:\NamBtProjects\New folder\Assets\Firebase\Plugins\Firebase.TaskExtension.dll
Symbol file LoadedFromMemory is not a mono symbol file
Symbol file data-00000173AAFA9BC0 doesn't match image E:\NamBtProjects\New folder\Assets\Firebase\Plugins\Firebase.Crashlytics.dll
Symbol file LoadedFromMemory is not a mono symbol file
Symbol file LoadedFromMemory is not a mono symbol file
Symbol file LoadedFromMemory is not a mono symbol file
Symbol file data-00000171F7F14A40 doesn't match image E:\NamBtProjects\New folder\Assets\Firebase\Plugins\Firebase.Platform.dll
Symbol file LoadedFromMemory is not a mono symbol file
- Loaded All Assemblies, in  0.539 seconds
Refreshing native plugins compatible for Editor in 21.81 ms, found 21 plugins.
Native extension for WindowsStandalone target not found
Native extension for Android target not found
[Package Manager] Server::EnsureServerProcessIsRunning -- launch failed, reason: Unity was launched with the -noUpm command-line argument
[Package Manager] UpmClient::Send -- Unable to send message (not connected to UPM process).
[Package Manager] Cannot connect to Unity Package Manager local server
Mono: successfully reloaded assembly
- Finished resetting the current domain, in  1.445 seconds
Domain Reload Profiling: 1983ms
	BeginReloadAssembly (145ms)
		ExecutionOrderSort (0ms)
		DisableScriptedObjects (9ms)
		BackupInstance (0ms)
		ReleaseScriptingObjects (0ms)
		CreateAndSetChildDomain (48ms)
	RebuildCommonClasses (31ms)
	RebuildNativeTypeToScriptingClass (13ms)
	initialDomainReloadingComplete (42ms)
	LoadAllAssembliesAndSetupDomain (307ms)
		LoadAssemblies (319ms)
		RebuildTransferFunctionScriptingTraits (0ms)
		AnalyzeDomain (50ms)
			TypeCache.Refresh (16ms)
				TypeCache.ScanAssembly (4ms)
			ScanForSourceGeneratedMonoScriptInfo (16ms)
			ResolveRequiredComponents (17ms)
	FinalizeReload (1446ms)
		ReleaseScriptCaches (0ms)
		RebuildScriptCaches (0ms)
		SetupLoadedEditorAssemblies (1061ms)
			LogAssemblyErrors (0ms)
			InitializePlatformSupportModulesInManaged (16ms)
			SetLoadedEditorAssemblies (4ms)
			RefreshPlugins (0ms)
			BeforeProcessingInitializeOnLoad (69ms)
			ProcessInitializeOnLoadAttributes (776ms)
			ProcessInitializeOnLoadMethodAttributes (193ms)
			AfterProcessingInitializeOnLoad (2ms)
			EditorAssembliesLoaded (1ms)
		ExecutionOrderSort2 (0ms)
		AwakeInstancesAfterBackupRestoration (9ms)
Shader 'MoreMountains/MMRipple': fallback shader 'Particle/AlphaBlended' not found
Shader Hidden/ProbeVolume/VoxelizeScene is not supported: GPU does not support conservative rasterization
Refreshing native plugins compatible for Editor in 15.57 ms, found 21 plugins.
Preloading 0 native plugins for Editor in 0.00 ms.
Unloading 7930 Unused Serialized files (Serialized files now loaded: 0)
Unloading 438 unused Assets / (2.2 MB). Loaded Objects now: 8400.
Memory consumption went from 372.7 MB to 370.6 MB.
Total: 18.448100 ms (FindLiveObjects: 0.506800 ms CreateObjectMapping: 0.467400 ms MarkObjects: 16.298300 ms  DeleteObjects: 1.174400 ms)

Prepare: number of updated asset objects reloaded= 0
AssetImportParameters requested are different than current active one (requested -> active):
  custom:container-demuxer-ogg: 62fdf1f143b41e24485cea50d1cbac27 -> 
  custom:framework-win-MediaFoundation: 216162199b28c13a410421893ffa2e32 -> 
  custom:container-muxer-webm: aa71ff27fc2769a1b78a27578f13a17b -> 
  custom:video-decoder-webm-vp8: 9c59270c3fd7afecdb556c50c9e8de78 -> 
  custom:SearchIndexIgnoredProperties: e643bd26f0fe6173181afceb89e7c659 -> 
  custom:AudioImporter_EditorPlatform: d09bf68614088b80899f8185d706f6e7 -> 
  custom:audio-decoder-ogg-vorbis: bf7c407c2cedff20999df2af8eb42d56 -> 
  custom:audio-encoder-webm-vorbis: bf7c407c2cedff20999df2af8eb42d56 -> 
  custom:video-codec-MediaFoundation-h265: 746d11721c4dcdbdad8f713fa42b33f4 -> 
  custom:video-decoder-ogg-theora: a1e56fd34408186e4bbccfd4996cb3dc -> 
  custom:CustomObjectIndexerAttribute: 43b350a4d6e6d1791af0b5038c4bea17 -> 
  custom:container-demuxer-webm: 4f35f7cbe854078d1ac9338744f61a02 -> 
  custom:video-encoder-webm-vp8: eb34c28f22e8b96e1ab97ce403110664 -> 
========================================================================
Received Prepare
Begin MonoManager ReloadAssembly
Symbol file data-00000173A8177E70 doesn't match image E:\NamBtProjects\New folder\Assets\Firebase\Plugins\Firebase.Analytics.dll
Symbol file LoadedFromMemory is not a mono symbol file
Symbol file data-00000171F4BCC160 doesn't match image E:\NamBtProjects\New folder\Assets\Firebase\Plugins\Firebase.App.dll
Symbol file LoadedFromMemory is not a mono symbol file
Symbol file data-00000173A9A29D20 doesn't match image E:\NamBtProjects\New folder\Assets\Firebase\Plugins\Firebase.RemoteConfig.dll
Symbol file LoadedFromMemory is not a mono symbol file
Symbol file data-00000173AB27F070 doesn't match image E:\NamBtProjects\New folder\Assets\Firebase\Plugins\Firebase.TaskExtension.dll
Symbol file LoadedFromMemory is not a mono symbol file
Symbol file data-00000173A9722080 doesn't match image E:\NamBtProjects\New folder\Assets\Firebase\Plugins\Firebase.Crashlytics.dll
Symbol file LoadedFromMemory is not a mono symbol file
Symbol file LoadedFromMemory is not a mono symbol file
Symbol file LoadedFromMemory is not a mono symbol file
Symbol file data-00000173A9A29D20 doesn't match image E:\NamBtProjects\New folder\Assets\Firebase\Plugins\Firebase.Platform.dll
Symbol file LoadedFromMemory is not a mono symbol file
- Loaded All Assemblies, in  0.560 seconds
Refreshing native plugins compatible for Editor in 23.12 ms, found 21 plugins.
Native extension for WindowsStandalone target not found
Native extension for Android target not found
[Package Manager] Server::EnsureServerProcessIsRunning -- launch failed, reason: Unity was launched with the -noUpm command-line argument
[Package Manager] UpmClient::Send -- Unable to send message (not connected to UPM process).
[Package Manager] Cannot connect to Unity Package Manager local server
Mono: successfully reloaded assembly
- Finished resetting the current domain, in  1.741 seconds
Domain Reload Profiling: 2300ms
	BeginReloadAssembly (164ms)
		ExecutionOrderSort (0ms)
		DisableScriptedObjects (9ms)
		BackupInstance (0ms)
		ReleaseScriptingObjects (0ms)
		CreateAndSetChildDomain (58ms)
	RebuildCommonClasses (24ms)
	RebuildNativeTypeToScriptingClass (9ms)
	initialDomainReloadingComplete (31ms)
	LoadAllAssembliesAndSetupDomain (331ms)
		LoadAssemblies (345ms)
		RebuildTransferFunctionScriptingTraits (0ms)
		AnalyzeDomain (55ms)
			TypeCache.Refresh (17ms)
				TypeCache.ScanAssembly (4ms)
			ScanForSourceGeneratedMonoScriptInfo (20ms)
			ResolveRequiredComponents (15ms)
	FinalizeReload (1741ms)
		ReleaseScriptCaches (0ms)
		RebuildScriptCaches (0ms)
		SetupLoadedEditorAssemblies (1188ms)
			LogAssemblyErrors (0ms)
			InitializePlatformSupportModulesInManaged (18ms)
			SetLoadedEditorAssemblies (5ms)
			RefreshPlugins (0ms)
			BeforeProcessingInitializeOnLoad (69ms)
			ProcessInitializeOnLoadAttributes (866ms)
			ProcessInitializeOnLoadMethodAttributes (228ms)
			AfterProcessingInitializeOnLoad (2ms)
			EditorAssembliesLoaded (1ms)
		ExecutionOrderSort2 (0ms)
		AwakeInstancesAfterBackupRestoration (8ms)
Shader 'MoreMountains/MMRipple': fallback shader 'Particle/AlphaBlended' not found
Shader Hidden/ProbeVolume/VoxelizeScene is not supported: GPU does not support conservative rasterization
Refreshing native plugins compatible for Editor in 14.81 ms, found 21 plugins.
Preloading 0 native plugins for Editor in 0.00 ms.
Unloading 7931 Unused Serialized files (Serialized files now loaded: 0)
Unloading 438 unused Assets / (2.2 MB). Loaded Objects now: 8405.
Memory consumption went from 374.7 MB to 372.5 MB.
Total: 15.238000 ms (FindLiveObjects: 0.371000 ms CreateObjectMapping: 0.281100 ms MarkObjects: 13.499500 ms  DeleteObjects: 1.085700 ms)

Prepare: number of updated asset objects reloaded= 0
AssetImportParameters requested are different than current active one (requested -> active):
  custom:container-demuxer-ogg: 62fdf1f143b41e24485cea50d1cbac27 -> 
  custom:framework-win-MediaFoundation: 216162199b28c13a410421893ffa2e32 -> 
  custom:container-muxer-webm: aa71ff27fc2769a1b78a27578f13a17b -> 
  custom:video-decoder-webm-vp8: 9c59270c3fd7afecdb556c50c9e8de78 -> 
  custom:SearchIndexIgnoredProperties: e643bd26f0fe6173181afceb89e7c659 -> 
  custom:AudioImporter_EditorPlatform: d09bf68614088b80899f8185d706f6e7 -> 
  custom:audio-decoder-ogg-vorbis: bf7c407c2cedff20999df2af8eb42d56 -> 
  custom:audio-encoder-webm-vorbis: bf7c407c2cedff20999df2af8eb42d56 -> 
  custom:video-codec-MediaFoundation-h265: 746d11721c4dcdbdad8f713fa42b33f4 -> 
  custom:video-decoder-ogg-theora: a1e56fd34408186e4bbccfd4996cb3dc -> 
  custom:CustomObjectIndexerAttribute: 43b350a4d6e6d1791af0b5038c4bea17 -> 
  custom:container-demuxer-webm: 4f35f7cbe854078d1ac9338744f61a02 -> 
  custom:video-encoder-webm-vp8: eb34c28f22e8b96e1ab97ce403110664 -> 
========================================================================
Received Import Request.
  Time since last request: 3208.537925 seconds.
  path: Assets/oldResouces/mini/map/ddada_0000s_0004_Generative-Fill.png
  artifactKey: Guid(a5a1ec94447cabb4db6212e8ae4b8aca) Importer(815301076,1909f56bfc062723c751e8b465ee728b)
Start importing Assets/oldResouces/mini/map/ddada_0000s_0004_Generative-Fill.png using Guid(a5a1ec94447cabb4db6212e8ae4b8aca) Importer(815301076,1909f56bfc062723c751e8b465ee728b)  -> (artifact id: 'c56d25162dbe9479bbdd5a4023a068ea') in 0.085865 seconds
Number of updated asset objects reloaded before import = 0
Number of asset objects unloaded after import = 3
========================================================================
Received Import Request.
  Time since last request: 0.000018 seconds.
  path: Assets/oldResouces/ResoucesMap/Story 1 - 2/map3/map3/new/Untitled-1_0014_Generative-Fill-3.png
  artifactKey: Guid(bc634eae8d021bd439d2f4e910362e77) Importer(815301076,1909f56bfc062723c751e8b465ee728b)
Start importing Assets/oldResouces/ResoucesMap/Story 1 - 2/map3/map3/new/Untitled-1_0014_Generative-Fill-3.png using Guid(bc634eae8d021bd439d2f4e910362e77) Importer(815301076,1909f56bfc062723c751e8b465ee728b)  -> (artifact id: 'ea0693394d6d1a5ed5683aa434770591') in 0.025268 seconds
Number of updated asset objects reloaded before import = 0
Number of asset objects unloaded after import = 3
========================================================================
Received Import Request.
  Time since last request: 0.000023 seconds.
  path: Assets/oldResouces/ResoucesMap/Story 1 - 2/MAP/map5/new/Untitled-2_0007_Generative-Fill-25.png
  artifactKey: Guid(046ef00b33ea0d24d9f9b7154400aa92) Importer(815301076,1909f56bfc062723c751e8b465ee728b)
Start importing Assets/oldResouces/ResoucesMap/Story 1 - 2/MAP/map5/new/Untitled-2_0007_Generative-Fill-25.png using Guid(046ef00b33ea0d24d9f9b7154400aa92) Importer(815301076,1909f56bfc062723c751e8b465ee728b)  -> (artifact id: '8e6ada1bf6c50ebb12d47be22e6a4e98') in 0.023941 seconds
Number of updated asset objects reloaded before import = 0
Number of asset objects unloaded after import = 3
========================================================================
Received Import Request.
  Time since last request: 0.000013 seconds.
  path: Assets/oldResouces/Sounds/FillUpSlider.wav
  artifactKey: Guid(928fb76f1c1c8c04f9513c20090624a4) Importer(815301076,1909f56bfc062723c751e8b465ee728b)
Start importing Assets/oldResouces/Sounds/FillUpSlider.wav using Guid(928fb76f1c1c8c04f9513c20090624a4) Importer(815301076,1909f56bfc062723c751e8b465ee728b)  -> (artifact id: '3af51d6259961d9bf2708a14c6a11fe4') in 0.036129 seconds
Number of updated asset objects reloaded before import = 0
Number of asset objects unloaded after import = 2
========================================================================
Received Import Request.
  Time since last request: 0.000017 seconds.
  path: Assets/oldResouces/ResoucesMap/Story 1 - 2/MAP/map5/new/Untitled-3_0002_Generative-Fill-3-copy.png
  artifactKey: Guid(ff9e8a03f1350ec4dbfc2a1dc0267c78) Importer(815301076,1909f56bfc062723c751e8b465ee728b)
Start importing Assets/oldResouces/ResoucesMap/Story 1 - 2/MAP/map5/new/Untitled-3_0002_Generative-Fill-3-copy.png using Guid(ff9e8a03f1350ec4dbfc2a1dc0267c78) Importer(815301076,1909f56bfc062723c751e8b465ee728b)  -> (artifact id: '5adb561e9e26a46e5530263e73d850ca') in 0.017665 seconds
Number of updated asset objects reloaded before import = 0
Number of asset objects unloaded after import = 3
========================================================================
Received Import Request.
  Time since last request: 0.000022 seconds.
  path: Assets/oldResouces/ResoucesMap/Story 1 - 2/MAP/m4/new/Generative Fill.png
  artifactKey: Guid(bd79b8599a7f76f4dbbec03abcd18fd0) Importer(815301076,1909f56bfc062723c751e8b465ee728b)
Start importing Assets/oldResouces/ResoucesMap/Story 1 - 2/MAP/m4/new/Generative Fill.png using Guid(bd79b8599a7f76f4dbbec03abcd18fd0) Importer(815301076,1909f56bfc062723c751e8b465ee728b)  -> (artifact id: 'a3e78d23355b6608ef4dc92fd4a88a28') in 0.017983 seconds
Number of updated asset objects reloaded before import = 0
Number of asset objects unloaded after import = 3
========================================================================
Received Import Request.
  Time since last request: 0.000015 seconds.
  path: Assets/oldResouces/ResoucesMap/Story 1 - 2/MAP/m4/new/Generative Fill-1.png
  artifactKey: Guid(15db0eeb2851cd74097fc3b49c23c143) Importer(815301076,1909f56bfc062723c751e8b465ee728b)
Start importing Assets/oldResouces/ResoucesMap/Story 1 - 2/MAP/m4/new/Generative Fill-1.png using Guid(15db0eeb2851cd74097fc3b49c23c143) Importer(815301076,1909f56bfc062723c751e8b465ee728b)  -> (artifact id: '5c6530d8d9c5a950f229c7df02928507') in 0.019666 seconds
Number of updated asset objects reloaded before import = 0
Number of asset objects unloaded after import = 3
========================================================================
Received Import Request.
  Time since last request: 0.000017 seconds.
  path: Assets/oldResouces/ResoucesMap/Story 1 - 2/Map1/Generative Fill 1522 copy.jpg
  artifactKey: Guid(bcaa9ee0cb58d0144a482d7b868a1812) Importer(815301076,1909f56bfc062723c751e8b465ee728b)
Start importing Assets/oldResouces/ResoucesMap/Story 1 - 2/Map1/Generative Fill 1522 copy.jpg using Guid(bcaa9ee0cb58d0144a482d7b868a1812) Importer(815301076,1909f56bfc062723c751e8b465ee728b)  -> (artifact id: '2649a21d774c362dcf4f3b9779df2ba5') in 0.055173 seconds
Number of updated asset objects reloaded before import = 0
Number of asset objects unloaded after import = 3
========================================================================
Received Import Request.
  Time since last request: 0.000017 seconds.
  path: Assets/oldResouces/ResoucesMap/Story 1 - 2/MAP/m4/new/Generative Fill 11 copy 2.png
  artifactKey: Guid(19c68814b52c2b94f942ff047ec6df0e) Importer(815301076,1909f56bfc062723c751e8b465ee728b)
Start importing Assets/oldResouces/ResoucesMap/Story 1 - 2/MAP/m4/new/Generative Fill 11 copy 2.png using Guid(19c68814b52c2b94f942ff047ec6df0e) Importer(815301076,1909f56bfc062723c751e8b465ee728b)  -> (artifact id: 'c6f38c1b5d3533fcade7cf8c0333b2d0') in 0.018756 seconds
Number of updated asset objects reloaded before import = 0
Number of asset objects unloaded after import = 3
========================================================================
Received Import Request.
  Time since last request: 0.000015 seconds.
  path: Assets/oldResouces/ResoucesMap/Story 1 - 2/map6/new/Untitled-1_0007_Generative-Fill-5.png
  artifactKey: Guid(f9f70cfd5c7e03e4fa49416fdb9239fb) Importer(815301076,1909f56bfc062723c751e8b465ee728b)
Start importing Assets/oldResouces/ResoucesMap/Story 1 - 2/map6/new/Untitled-1_0007_Generative-Fill-5.png using Guid(f9f70cfd5c7e03e4fa49416fdb9239fb) Importer(815301076,1909f56bfc062723c751e8b465ee728b)  -> (artifact id: '09bd9d53fb9cc4e4ad962acfadc49a5b') in 0.033614 seconds
Number of updated asset objects reloaded before import = 0
Number of asset objects unloaded after import = 3
========================================================================
Received Import Request.
  Time since last request: 19.261485 seconds.
  path: Assets/oldResouces/mini/ddada_0000s_0000_Layer-21.png
  artifactKey: Guid(4cf6dfd0a971e09498789dd95dcd3715) Importer(815301076,1909f56bfc062723c751e8b465ee728b)
Start importing Assets/oldResouces/mini/ddada_0000s_0000_Layer-21.png using Guid(4cf6dfd0a971e09498789dd95dcd3715) Importer(815301076,1909f56bfc062723c751e8b465ee728b)  -> (artifact id: '179f7e8211b6962727ce98264fa2489f') in 0.025986 seconds
Number of updated asset objects reloaded before import = 0
Number of asset objects unloaded after import = 3
========================================================================
Received Import Request.
  Time since last request: 0.000016 seconds.
  path: Assets/oldResouces/mini/ReplayButton.png
  artifactKey: Guid(a7312193788323c41ad7d93d3d6d6b83) Importer(815301076,1909f56bfc062723c751e8b465ee728b)
Start importing Assets/oldResouces/mini/ReplayButton.png using Guid(a7312193788323c41ad7d93d3d6d6b83) Importer(815301076,1909f56bfc062723c751e8b465ee728b)  -> (artifact id: '748c2c62b86304887fed564761321c34') in 0.019285 seconds
Number of updated asset objects reloaded before import = 0
Number of asset objects unloaded after import = 3
========================================================================
Received Import Request.
  Time since last request: 0.000019 seconds.
  path: Assets/oldResouces/mini/ddada_0012_Rectangle-6.png
  artifactKey: Guid(ae729102c6cbf57468ae0d59be11c588) Importer(815301076,1909f56bfc062723c751e8b465ee728b)
Start importing Assets/oldResouces/mini/ddada_0012_Rectangle-6.png using Guid(ae729102c6cbf57468ae0d59be11c588) Importer(815301076,1909f56bfc062723c751e8b465ee728b)  -> (artifact id: 'f18463c15e0f996d63ed3e7d95d8cb24') in 0.017976 seconds
Number of updated asset objects reloaded before import = 0
Number of asset objects unloaded after import = 3
========================================================================
Received Import Request.
  Time since last request: 0.000016 seconds.
  path: Assets/oldResouces/mini/ddada_0013_Layer-4.png
  artifactKey: Guid(162325384b5e8f441956264fb194d671) Importer(815301076,1909f56bfc062723c751e8b465ee728b)
Start importing Assets/oldResouces/mini/ddada_0013_Layer-4.png using Guid(162325384b5e8f441956264fb194d671) Importer(815301076,1909f56bfc062723c751e8b465ee728b)  -> (artifact id: '5090ed0c59471e8f12a7aab9e75730d1') in 0.019280 seconds
Number of updated asset objects reloaded before import = 0
Number of asset objects unloaded after import = 3
========================================================================
Received Import Request.
  Time since last request: 0.000023 seconds.
  path: Assets/oldResouces/mini/ddada_0007_Rectangle-10.png
  artifactKey: Guid(652419dc1c2d4044594a03c440e9655e) Importer(815301076,1909f56bfc062723c751e8b465ee728b)
Start importing Assets/oldResouces/mini/ddada_0007_Rectangle-10.png using Guid(652419dc1c2d4044594a03c440e9655e) Importer(815301076,1909f56bfc062723c751e8b465ee728b)  -> (artifact id: '63f133951bef6b6bc7acc14f60c71b75') in 0.016849 seconds
Number of updated asset objects reloaded before import = 0
Number of asset objects unloaded after import = 3
========================================================================
Received Import Request.
  Time since last request: 0.000015 seconds.
  path: Assets/oldResouces/mini/ddada_0017_Layer-6.png
  artifactKey: Guid(226dc133f62d3764d8e583017bc75397) Importer(815301076,1909f56bfc062723c751e8b465ee728b)
Start importing Assets/oldResouces/mini/ddada_0017_Layer-6.png using Guid(226dc133f62d3764d8e583017bc75397) Importer(815301076,1909f56bfc062723c751e8b465ee728b)  -> (artifact id: 'def303d2bb5c47426525108f7d7a0eb8') in 0.024075 seconds
Number of updated asset objects reloaded before import = 0
Number of asset objects unloaded after import = 3
========================================================================
Received Import Request.
  Time since last request: 0.000015 seconds.
  path: Assets/oldResouces/mini/ddada_0018_Layer-5.png
  artifactKey: Guid(cca6bbbc83d5d064c90549982f7f72b4) Importer(815301076,1909f56bfc062723c751e8b465ee728b)
Start importing Assets/oldResouces/mini/ddada_0018_Layer-5.png using Guid(cca6bbbc83d5d064c90549982f7f72b4) Importer(815301076,1909f56bfc062723c751e8b465ee728b)  -> (artifact id: '709285dea1ddac1d6d057d751abf7712') in 0.017013 seconds
Number of updated asset objects reloaded before import = 0
Number of asset objects unloaded after import = 3
========================================================================
Received Import Request.
  Time since last request: 0.000013 seconds.
  path: Assets/oldResouces/mini/demo3.png
  artifactKey: Guid(fea27427f63769a4395a2313a0d9b851) Importer(815301076,1909f56bfc062723c751e8b465ee728b)
Start importing Assets/oldResouces/mini/demo3.png using Guid(fea27427f63769a4395a2313a0d9b851) Importer(815301076,1909f56bfc062723c751e8b465ee728b)  -> (artifact id: 'e41d7ad3ffa850ad71fdc281820c06a8') in 0.044704 seconds
Number of updated asset objects reloaded before import = 0
Number of asset objects unloaded after import = 3
========================================================================
Received Import Request.
  Time since last request: 0.000012 seconds.
  path: Assets/oldResouces/mini/ddada_0005_snapedit_1722314117185.png
  artifactKey: Guid(5d73685e9c99cbc4193023b1553edb60) Importer(815301076,1909f56bfc062723c751e8b465ee728b)
Start importing Assets/oldResouces/mini/ddada_0005_snapedit_1722314117185.png using Guid(5d73685e9c99cbc4193023b1553edb60) Importer(815301076,1909f56bfc062723c751e8b465ee728b)  -> (artifact id: '722490c5bf045eaf6e4c1070b5f5f4e4') in 0.016731 seconds
Number of updated asset objects reloaded before import = 0
Number of asset objects unloaded after import = 3
========================================================================
Received Import Request.
  Time since last request: 0.000014 seconds.
  path: Assets/oldResouces/mini/ddada_0006_Layer-1.png
  artifactKey: Guid(38380278f60d954469bd03c84acf33f8) Importer(815301076,1909f56bfc062723c751e8b465ee728b)
Start importing Assets/oldResouces/mini/ddada_0006_Layer-1.png using Guid(38380278f60d954469bd03c84acf33f8) Importer(815301076,1909f56bfc062723c751e8b465ee728b)  -> (artifact id: 'ef74a91f0b81b1333068c8f601750e68') in 0.015218 seconds
Number of updated asset objects reloaded before import = 0
Number of asset objects unloaded after import = 3
Editor requested this worker to shutdown with reason: Scaling down because of idle timeout
TcpMessagingSession - receive error: operation aborted. errorcode: 995, details: The I/O operation has been aborted because of either a thread exit or an application request.
AssetImportWorker is now disconnected from the server
Process exiting
Exiting without the bug reporter. Application will terminate with return code 0